TN:
SF:src/features/mathLogic.js
FN:3,generateQuestionData
FN:5,(anonymous_1)
FN:40,generateAnswers
FN:41,(anonymous_3)
FN:63,(anonymous_4)
FN:66,isCorrect
FNF:6
FNH:6
FNDA:5,generateQuestionData
FNDA:8,(anonymous_1)
FNDA:3,generateAnswers
FNDA:215,(anonymous_3)
FNDA:12,(anonymous_4)
FNDA:4,isCorrect
DA:5,8
DA:8,5
DA:10,1
DA:11,1
DA:12,1
DA:13,1
DA:14,1
DA:16,1
DA:17,1
DA:18,1
DA:19,1
DA:20,1
DA:22,1
DA:23,1
DA:24,1
DA:25,1
DA:26,1
DA:28,1
DA:29,1
DA:30,1
DA:31,1
DA:32,1
DA:34,1
DA:37,4
DA:41,215
DA:42,3
DA:44,3
DA:46,3
DA:47,203
DA:49,203
DA:50,203
DA:51,3
DA:56,3
DA:57,3
DA:58,6
DA:59,6
DA:63,12
DA:67,4
LF:38
LH:38
BRDA:3,0,0,5
BRDA:8,1,0,1
BRDA:8,1,1,1
BRDA:8,1,2,1
BRDA:8,1,3,1
BRDA:8,1,4,1
BRDA:40,2,0,3
BRDA:46,3,0,3
BRDA:46,3,1,205
BRDA:50,4,0,3
BRDA:50,4,1,200
BRDA:50,5,0,203
BRDA:50,5,1,103
BRDA:58,6,0,6
BRDA:58,6,1,0
BRF:15
BRH:14
end_of_record
TN:
SF:src/utils/speech.js
FN:3,chooseVoice
FN:6,(anonymous_1)
FN:9,(anonymous_2)
FN:30,(anonymous_3)
FN:38,speak
FN:46,(anonymous_5)
FN:75,(anonymous_6)
FNF:7
FNH:7
FNDA:6,chooseVoice
FNDA:37,(anonymous_1)
FNDA:9,(anonymous_2)
FNDA:28,(anonymous_3)
FNDA:3,speak
FNDA:2,(anonymous_5)
FNDA:1,(anonymous_6)
DA:4,6
DA:6,37
DA:9,5
DA:10,9
DA:11,9
DA:15,5
DA:18,5
DA:29,5
DA:30,28
DA:31,20
DA:35,1
DA:39,3
DA:41,3
DA:43,1
DA:46,2
DA:47,2
DA:49,2
DA:50,2
DA:51,2
DA:52,2
DA:53,2
DA:56,2
DA:57,1
DA:58,1
DA:60,1
DA:61,1
DA:64,2
DA:65,1
DA:68,2
DA:72,2
DA:73,2
DA:75,1
DA:76,1
DA:77,1
DA:79,1
DA:81,1
LF:36
LH:36
BRDA:3,0,0,6
BRDA:4,1,0,1
BRDA:4,1,1,5
BRDA:4,2,0,6
BRDA:4,2,1,6
BRDA:6,3,0,37
BRDA:6,3,1,0
BRDA:11,4,0,9
BRDA:11,4,1,4
BRDA:11,4,2,4
BRDA:15,5,0,1
BRDA:15,5,1,4
BRDA:31,6,0,4
BRDA:31,6,1,16
BRDA:35,7,0,1
BRDA:35,7,1,0
BRDA:38,8,0,3
BRDA:39,9,0,3
BRDA:41,10,0,1
BRDA:41,10,1,2
BRDA:41,11,0,3
BRDA:41,11,1,3
BRDA:52,12,0,2
BRDA:52,12,1,0
BRDA:56,13,0,1
BRDA:56,13,1,1
BRDA:57,14,0,1
BRDA:57,14,1,0
BRDA:58,15,0,1
BRDA:58,15,1,0
BRDA:60,16,0,1
BRDA:60,16,1,1
BRDA:61,17,0,1
BRDA:61,17,1,1
BRDA:64,18,0,1
BRDA:64,18,1,1
BRDA:73,19,0,1
BRDA:73,19,1,1
BRF:38
BRH:33
end_of_record
