TN:
SF:src/main.js
FN:7,(anonymous_0)
FN:20,setupNavigation
FN:25,(anonymous_2)
FN:26,(anonymous_3)
FN:33,(anonymous_4)
FN:34,(anonymous_5)
FN:39,navigateTo
FN:40,(anonymous_7)
FNF:8
FNH:8
FNDA:6,(anonymous_0)
FNDA:6,setupNavigation
FNDA:24,(anonymous_2)
FNDA:5,(anonymous_3)
FNDA:18,(anonymous_4)
FNDA:2,(anonymous_5)
FNDA:7,navigateTo
FNDA:28,(anonymous_7)
DA:7,3
DA:8,6
DA:11,6
DA:12,6
DA:13,6
DA:14,6
DA:17,6
DA:21,6
DA:22,6
DA:25,6
DA:26,24
DA:27,5
DA:28,5
DA:33,6
DA:34,18
DA:35,2
DA:40,28
DA:41,7
DA:42,7
DA:43,4
DA:46,4
LF:21
LH:21
BRDA:42,0,0,3
BRDA:42,0,1,4
BRDA:46,1,0,2
BRDA:46,1,1,2
BRF:4
BRH:4
end_of_record
TN:
SF:src/features/alphabet.js
FN:35,initAlphabet
FN:44,(anonymous_1)
FN:48,(anonymous_2)
FN:51,(anonymous_3)
FN:57,(anonymous_4)
FN:65,(anonymous_5)
FN:69,(anonymous_6)
FN:74,handleSwipe
FN:90,showLetter
FN:104,playAudio
FN:110,(anonymous_10)
FN:119,(anonymous_11)
FNF:12
FNH:11
FNDA:5,initAlphabet
FNDA:104,(anonymous_1)
FNDA:4,(anonymous_2)
FNDA:0,(anonymous_3)
FNDA:1,(anonymous_4)
FNDA:2,(anonymous_5)
FNDA:2,(anonymous_6)
FNDA:2,handleSwipe
FNDA:6,showLetter
FNDA:6,playAudio
FNDA:1,(anonymous_10)
FNDA:1,(anonymous_11)
DA:3,2
DA:33,2
DA:36,5
DA:37,5
DA:38,5
DA:39,5
DA:42,4
DA:44,4
DA:45,104
DA:46,104
DA:47,104
DA:48,104
DA:49,4
DA:50,4
DA:51,4
DA:52,4
DA:54,104
DA:57,4
DA:58,1
DA:62,4
DA:63,4
DA:65,4
DA:66,2
DA:69,4
DA:70,2
DA:71,2
DA:75,2
DA:76,2
DA:78,1
DA:79,1
DA:81,2
DA:83,1
DA:84,1
DA:91,6
DA:92,6
DA:93,6
DA:94,6
DA:95,6
DA:96,6
DA:97,6
DA:99,6
DA:101,6
DA:108,6
DA:110,6
DA:111,1
DA:115,6
DA:117,6
DA:119,6
DA:120,1
DA:122,1
LF:50
LH:50
BRDA:39,0,0,1
BRDA:39,0,1,4
BRDA:39,1,0,5
BRDA:39,1,1,4
BRDA:39,1,2,4
BRDA:76,2,0,1
BRDA:76,2,1,1
BRDA:81,3,0,1
BRDA:81,3,1,1
BRDA:95,4,0,0
BRDA:95,4,1,6
BRDA:95,5,0,6
BRDA:95,5,1,6
BRDA:95,5,2,6
BRF:14
BRH:13
end_of_record
TN:
SF:src/features/math.js
FN:8,initMath
FN:13,(anonymous_1)
FN:14,(anonymous_2)
FN:16,(anonymous_3)
FN:17,(anonymous_4)
FN:29,initNumbers
FN:38,(anonymous_6)
FN:41,(anonymous_7)
FN:49,speakNumber
FN:54,startQuiz
FN:61,generateQuestion
FN:73,generateAnswers
FN:80,(anonymous_12)
FN:84,(anonymous_13)
FN:87,(anonymous_14)
FN:94,triggerConfetti
FN:114,(anonymous_16)
FN:118,checkAnswer
FNF:18
FNH:15
FNDA:6,initMath
FNDA:15,(anonymous_1)
FNDA:4,(anonymous_2)
FNDA:10,(anonymous_3)
FNDA:10,(anonymous_4)
FNDA:6,initNumbers
FNDA:1,(anonymous_6)
FNDA:0,(anonymous_7)
FNDA:1,speakNumber
FNDA:4,startQuiz
FNDA:3,generateQuestion
FNDA:3,generateAnswers
FNDA:12,(anonymous_12)
FNDA:3,(anonymous_13)
FNDA:0,(anonymous_14)
FNDA:2,triggerConfetti
FNDA:0,(anonymous_16)
FNDA:3,checkAnswer
DA:6,2
DA:9,6
DA:11,6
DA:13,6
DA:14,15
DA:16,10
DA:17,10
DA:20,4
DA:21,4
DA:23,4
DA:24,4
DA:30,6
DA:31,6
DA:33,6
DA:34,6
DA:35,120
DA:36,120
DA:37,120
DA:38,120
DA:39,1
DA:40,1
DA:41,1
DA:42,1
DA:44,120
DA:51,1
DA:55,4
DA:56,4
DA:57,3
DA:58,3
DA:62,3
DA:63,3
DA:64,3
DA:65,3
DA:67,3
DA:68,3
DA:70,3
DA:74,3
DA:75,3
DA:76,3
DA:78,3
DA:80,3
DA:81,12
DA:82,12
DA:83,12
DA:84,12
DA:85,3
DA:86,3
DA:87,3
DA:88,3
DA:90,12
DA:95,2
DA:96,2
DA:97,1
DA:98,20
DA:99,20
DA:100,20
DA:101,20
DA:102,20
DA:103,20
DA:104,20
DA:106,20
DA:114,20
DA:119,3
DA:120,3
DA:121,3
DA:122,2
DA:123,2
DA:124,2
DA:125,2
DA:126,2
DA:128,1
DA:129,1
LF:72
LH:72
BRDA:31,0,0,0
BRDA:31,0,1,6
BRDA:56,1,0,1
BRDA:56,1,1,3
BRDA:65,2,0,0
BRDA:65,2,1,3
BRDA:65,3,0,3
BRDA:65,3,1,3
BRDA:75,4,0,0
BRDA:75,4,1,3
BRDA:96,5,0,1
BRDA:96,5,1,1
BRDA:120,6,0,0
BRDA:120,6,1,3
BRDA:121,7,0,2
BRDA:121,7,1,1
BRF:16
BRH:12
end_of_record
TN:
SF:src/features/mathLogic.js
FN:3,generateQuestionData
FN:5,(anonymous_1)
FN:40,generateAnswers
FN:41,(anonymous_3)
FN:63,(anonymous_4)
FN:66,isCorrect
FNF:6
FNH:6
FNDA:8,generateQuestionData
FNDA:14,(anonymous_1)
FNDA:6,generateAnswers
FNDA:240,(anonymous_3)
FNDA:26,(anonymous_4)
FNDA:4,isCorrect
DA:5,14
DA:8,8
DA:10,4
DA:11,4
DA:12,4
DA:13,4
DA:14,4
DA:16,1
DA:17,1
DA:18,1
DA:19,1
DA:20,1
DA:22,1
DA:23,1
DA:24,1
DA:25,1
DA:26,1
DA:28,1
DA:29,1
DA:30,1
DA:31,1
DA:32,1
DA:34,1
DA:37,7
DA:41,240
DA:42,6
DA:44,6
DA:46,6
DA:47,214
DA:49,214
DA:50,214
DA:51,13
DA:56,6
DA:57,6
DA:58,6
DA:59,6
DA:63,26
DA:67,4
LF:38
LH:38
BRDA:3,0,0,8
BRDA:8,1,0,4
BRDA:8,1,1,1
BRDA:8,1,2,1
BRDA:8,1,3,1
BRDA:8,1,4,1
BRDA:40,2,0,6
BRDA:46,3,0,6
BRDA:46,3,1,216
BRDA:50,4,0,13
BRDA:50,4,1,201
BRDA:50,5,0,214
BRDA:50,5,1,114
BRDA:58,6,0,6
BRDA:58,6,1,0
BRF:15
BRH:14
end_of_record
TN:
SF:src/features/rhymes.js
FN:18,initRhymes
FN:23,(anonymous_1)
FNF:2
FNH:2
FNDA:2,initRhymes
FNDA:13,(anonymous_1)
DA:2,2
DA:19,2
DA:20,2
DA:21,1
DA:23,1
DA:24,13
DA:25,13
DA:26,13
DA:38,13
LF:9
LH:9
BRDA:20,0,0,1
BRDA:20,0,1,1
BRF:2
BRH:2
end_of_record
TN:
SF:src/services/supabase.js
FN:6,hasValidSupabaseConfig
FN:18,warnMissingSupabaseConfig
FN:24,initSupabase
FN:65,addStar
FN:107,checkStarMilestones
FN:133,(anonymous_5)
FN:137,(anonymous_6)
FNF:7
FNH:6
FNDA:8,hasValidSupabaseConfig
FNDA:3,warnMissingSupabaseConfig
FNDA:4,initSupabase
FNDA:5,addStar
FNDA:4,checkStarMilestones
FNDA:0,(anonymous_5)
FNDA:1,(anonymous_6)
DA:3,8
DA:4,8
DA:7,8
DA:8,8
DA:9,6
DA:10,6
DA:13,8
DA:14,8
DA:19,3
DA:20,1
DA:21,1
DA:25,4
DA:26,1
DA:27,1
DA:30,3
DA:32,3
DA:33,1
DA:34,1
DA:37,2
DA:38,2
DA:41,2
DA:47,2
DA:48,1
DA:49,1
DA:50,1
DA:51,1
DA:52,1
DA:53,1
DA:54,1
DA:59,0
DA:62,2
DA:66,5
DA:67,5
DA:69,5
DA:70,5
DA:71,5
DA:72,5
DA:73,5
DA:74,5
DA:78,5
DA:79,2
DA:80,2
DA:81,2
DA:84,3
DA:86,3
DA:87,2
DA:95,2
DA:96,1
DA:98,1
DA:99,1
DA:102,1
DA:103,1
DA:108,4
DA:109,4
DA:110,4
DA:111,4
DA:113,4
DA:116,4
DA:117,4
DA:118,3
DA:121,3
DA:122,2
DA:123,1
DA:124,0
DA:125,0
DA:128,3
DA:131,3
DA:132,3
DA:133,3
DA:134,0
DA:137,3
DA:138,1
LF:72
LH:68
BRDA:7,0,0,0
BRDA:7,0,1,8
BRDA:7,1,0,8
BRDA:7,1,1,8
BRDA:8,2,0,2
BRDA:8,2,1,6
BRDA:9,3,0,0
BRDA:9,3,1,6
BRDA:14,4,0,6
BRDA:14,4,1,2
BRDA:19,5,0,2
BRDA:19,5,1,1
BRDA:25,6,0,1
BRDA:25,6,1,3
BRDA:32,7,0,1
BRDA:32,7,1,2
BRDA:37,8,0,2
BRDA:37,8,1,0
BRDA:47,9,0,1
BRDA:47,9,1,1
BRDA:49,10,0,1
BRDA:49,10,1,0
BRDA:51,11,0,1
BRDA:51,11,1,0
BRDA:52,12,0,1
BRDA:52,12,1,0
BRDA:53,13,0,1
BRDA:53,13,1,0
BRDA:53,14,0,1
BRDA:53,14,1,1
BRDA:69,15,0,5
BRDA:69,15,1,0
BRDA:71,16,0,4
BRDA:71,16,1,1
BRDA:73,17,0,5
BRDA:73,17,1,0
BRDA:78,18,0,2
BRDA:78,18,1,3
BRDA:86,19,0,2
BRDA:86,19,1,1
BRDA:95,20,0,1
BRDA:95,20,1,1
BRDA:113,21,0,0
BRDA:113,21,1,4
BRDA:113,22,0,4
BRDA:113,22,1,4
BRDA:113,22,2,4
BRDA:113,22,3,4
BRDA:117,23,0,3
BRDA:117,23,1,1
BRDA:121,24,0,2
BRDA:121,24,1,1
BRDA:121,24,2,0
BRDA:121,24,3,0
BRDA:132,25,0,3
BRDA:132,25,1,0
BRDA:132,26,0,3
BRDA:132,26,1,3
BRDA:134,27,0,0
BRDA:134,27,1,0
BRDA:134,28,0,0
BRDA:134,28,1,0
BRF:62
BRH:45
end_of_record
TN:
SF:src/utils/speech.js
FN:3,chooseVoice
FN:6,(anonymous_1)
FN:9,(anonymous_2)
FN:30,(anonymous_3)
FN:38,speak
FN:46,(anonymous_5)
FN:75,(anonymous_6)
FNF:7
FNH:7
FNDA:6,chooseVoice
FNDA:37,(anonymous_1)
FNDA:9,(anonymous_2)
FNDA:28,(anonymous_3)
FNDA:3,speak
FNDA:2,(anonymous_5)
FNDA:1,(anonymous_6)
DA:4,6
DA:6,37
DA:9,5
DA:10,9
DA:11,9
DA:15,5
DA:18,5
DA:29,5
DA:30,28
DA:31,20
DA:35,1
DA:39,3
DA:41,3
DA:43,1
DA:46,2
DA:47,2
DA:49,2
DA:50,2
DA:51,2
DA:52,2
DA:53,2
DA:56,2
DA:57,1
DA:58,1
DA:60,1
DA:61,1
DA:64,2
DA:65,1
DA:68,2
DA:72,2
DA:73,2
DA:75,1
DA:76,1
DA:77,1
DA:79,1
DA:81,1
LF:36
LH:36
BRDA:3,0,0,6
BRDA:4,1,0,1
BRDA:4,1,1,5
BRDA:4,2,0,6
BRDA:4,2,1,6
BRDA:6,3,0,37
BRDA:6,3,1,0
BRDA:11,4,0,9
BRDA:11,4,1,4
BRDA:11,4,2,4
BRDA:15,5,0,1
BRDA:15,5,1,4
BRDA:31,6,0,4
BRDA:31,6,1,16
BRDA:35,7,0,1
BRDA:35,7,1,0
BRDA:38,8,0,3
BRDA:39,9,0,3
BRDA:41,10,0,1
BRDA:41,10,1,2
BRDA:41,11,0,3
BRDA:41,11,1,3
BRDA:52,12,0,2
BRDA:52,12,1,0
BRDA:56,13,0,1
BRDA:56,13,1,1
BRDA:57,14,0,1
BRDA:57,14,1,0
BRDA:58,15,0,1
BRDA:58,15,1,0
BRDA:60,16,0,1
BRDA:60,16,1,1
BRDA:61,17,0,1
BRDA:61,17,1,1
BRDA:64,18,0,1
BRDA:64,18,1,1
BRDA:73,19,0,1
BRDA:73,19,1,1
BRF:38
BRH:33
end_of_record
